2024-09-23 17:49:10.833600 (352) main____ INFO    ----------------------------------------
2024-09-23 17:49:10.833833 (352) main____ INFO    JasperGold version info
2024-09-23 17:49:10.833878 (352) main____ INFO      tool      : JasperGold 2018.03
2024-09-23 17:49:10.833910 (352) main____ INFO      version   : 2018.03p001 64 bits
2024-09-23 17:49:10.833932 (352) main____ INFO      build date: 2018.04.24 18:13:05 PDT
2024-09-23 17:49:10.833948 (352) main____ INFO    ----------------------------------------
2024-09-23 17:49:10.833963 (352) main____ INFO    Runtime info:
2024-09-23 17:49:10.833982 (352) main____ INFO      platform  : Linux 3.10.0-1160.99.1.el7.x86_64 x86_64
2024-09-23 17:49:10.834006 (352) main____ INFO      hostname  : vlsicad5
2024-09-23 17:49:10.834023 (352) main____ INFO      pid       : 352
2024-09-23 17:49:10.834040 (352) main____ INFO      arguments : '-style' 'windows' '-superlint' '../script/superlint.tcl'
2024-09-23 17:49:10.834056 (352) main____ INFO    ----------------------------------------
2024-09-23 17:49:10.834071 (352) main____ INFO    System resource limits info:
2024-09-23 17:49:10.834088 (352) main____ INFO      virtual memory: unlimited
2024-09-23 17:49:10.834105 (352) main____ INFO      cpu time      : unlimited
2024-09-23 17:49:10.834140 (352) main____ INFO      stack size    : 8388608 B
2024-09-23 17:49:10.834170 (352) main____ INFO      core file size: 0 B
2024-09-23 17:49:10.834199 (352) main____ INFO      open files    : 1024
2024-09-23 17:49:10.834219 (352) main____ INFO      file size     : unlimited
2024-09-23 17:49:10.834234 (352) main____ INFO    ----------------------------------------
2024-09-23 17:49:10.834249 (352) main____ INFO    Memory statistics:
2024-09-23 17:49:10.834264 (352) main____ INFO      total physical memory  : 24657748 kB
2024-09-23 17:49:10.834279 (352) main____ INFO      free physical memory   : 8913708 kB
2024-09-23 17:49:10.834293 (352) main____ INFO      committed address space: 12169772 kB
2024-09-23 17:49:10.834307 (352) main____ INFO    ----------------------------------------
2024-09-23 17:49:10.834392 (352) main____ INFO    Important environment variables:
2024-09-23 17:49:10.834426 (352) main____ INFO      DISPLAY        : 'localhost:15.0'
2024-09-23 17:49:10.834454 (352) main____ INFO      LM_LICENSE_FILE: '5280@vlsicad8:1717@lstn:1717@lstc:1717@lshc:5280@lstn:5280@lstc:5280@lshc:26585@lstn:26585@lstc:26585@lshc:'
2024-09-23 17:49:10.834471 (352) main____ INFO    ----------------------------------------
2024-09-23 17:49:10.836597 (352) lic_core INFO    Initializing license system ...
2024-09-23 17:49:10.839727 (352) lic_core INFO    ... license system initialized.
2024-09-23 17:49:10.843120 (352) lic__man INFO    Claim 'main' for <ui>.
2024-09-23 17:49:10.843236 (352) lic_core INFO    (1) checking out 'jasper_interactive' ...
2024-09-23 17:49:10.951282 (352) lic_core INFO    ... (1) checkout succeeded
2024-09-23 17:49:10.951530 (352) lic__man INFO    Claim 'superlint' for <ui>.
2024-09-23 17:49:10.951619 (352) lic_core INFO    (2) checking out 'jasper_afl' ...
2024-09-23 17:49:11.110597 (352) lic_core INFO    ... (2) checkout failed (error: -5) ("FLEXnet ERROR(-5, 0, 0): No such feature exists.")
2024-09-23 17:49:11.110661 (352) lic_core INFO    (3) checking out 'jasper_dao' ...
2024-09-23 17:49:11.210416 (352) lic_core INFO    ... (3) checkout succeeded
2024-09-23 17:49:12.677213 (352) lic__man INFO    Claim 'superlint' for <ui>.
2024-09-23 17:49:13.087043 (352) lic__man INFO    Unclaim 'superlint' for <ui>.
2024-09-23 17:49:13.087146 (352) lic__man INFO    Claim 'superlint' for <ui>.
2024-09-23 17:49:13.106386 (352) session_ INFO    Starting analysis session with session id 'session_0' ...
2024-09-23 17:49:13.108743 (352) session_ INFO    Analysis session with session id 'session_0' started (pid: 371)
2024-09-23 17:49:18.491314 (352) session_ INFO    Analysis session 'session_0' connected to the console (host: 192.168.100.5:60846)
2024-09-23 17:49:19.882656 (352) lic__man INFO    Unclaim everything for 'session_0'.
2024-09-23 17:49:21.331979 (352) lic__man INFO    Unclaim everything for 'session_0'.
2024-09-23 17:49:21.527833 (352) lic__man INFO    Claim 'superlint' for 'session_0'.
2024-09-23 17:56:02.091001 (352) lic__man INFO    Unclaim everything for 'session_0'.
2024-09-23 17:56:03.439578 (352) lic__man INFO    Unclaim everything for 'session_0'.
2024-09-23 17:56:03.579306 (352) lic__man INFO    Claim 'superlint' for 'session_0'.
2024-09-23 18:02:10.818691 (352) lic__man INFO    Unclaim everything for 'session_0'.
2024-09-23 18:02:12.245568 (352) lic__man INFO    Unclaim everything for 'session_0'.
2024-09-23 18:02:12.375508 (352) lic__man INFO    Claim 'superlint' for 'session_0'.
2024-09-23 18:04:09.922854 (352) lic__man INFO    Unclaim everything for 'session_0'.
2024-09-23 18:04:11.438078 (352) lic__man INFO    Unclaim everything for 'session_0'.
2024-09-23 18:04:11.569541 (352) lic__man INFO    Claim 'superlint' for 'session_0'.
2024-09-23 18:05:17.889738 (352) lic__man INFO    Unclaim everything for 'session_0'.
2024-09-23 18:05:19.279019 (352) lic__man INFO    Unclaim everything for 'session_0'.
2024-09-23 18:05:19.396683 (352) lic__man INFO    Claim 'superlint' for 'session_0'.
2024-09-23 18:06:03.295915 (352) lic__man INFO    Unclaim everything for 'session_0'.
2024-09-23 18:06:04.667492 (352) lic__man INFO    Unclaim everything for 'session_0'.
2024-09-23 18:06:05.639608 (352) lic__man INFO    Claim 'superlint' for 'session_0'.
