
main:     file format elf32-littleriscv
main
architecture: riscv:rv32, flags 0x00000112:
EXEC_P, HAS_SYMS, D_PAGED
start address 0x00000000

Program Header:
    LOAD off    0x00001000 vaddr 0x00000000 paddr 0x00000000 align 2**12
         filesz 0x000001e4 memsz 0x000001e4 flags r-x
    LOAD off    0x00002000 vaddr 0x00010000 paddr 0x00010000 align 2**12
         filesz 0x00000100 memsz 0x00001100 flags rw-

Sections:
Idx Name          Size      VMA       LMA       File off  Algn
  0 .text         000001d4  00000000  00000000  00001000  2**2
                  CONTENTS, ALLOC, LOAD, READONLY, CODE
  1 .rodata       00000010  000001d4  000001d4  000011d4  2**2
                  CONTENTS, ALLOC, LOAD, READONLY, DATA
  2 _test         00000100  00010000  00010000  00002000  2**0
                  ALLOC
  3 .data         00000000  00010100  00010100  00002100  2**0
                  CONTENTS, ALLOC, LOAD, DATA
  4 .bss          00000000  00010100  00010100  00002100  2**0
                  ALLOC
  5 .stack        00001000  00010100  00010100  00002100  2**0
                  ALLOC
  6 .comment      00000012  00000000  00000000  00002100  2**0
                  CONTENTS, READONLY
  7 .riscv.attributes 00000021  00000000  00000000  00002112  2**0
                  CONTENTS, READONLY
SYMBOL TABLE:
00000000 l    d  .text	00000000 .text
000001d4 l    d  .rodata	00000000 .rodata
00010000 l    d  _test	00000000 _test
00010100 l    d  .data	00000000 .data
00010100 l    d  .bss	00000000 .bss
00010100 l    d  .stack	00000000 .stack
00000000 l    d  .comment	00000000 .comment
00000000 l    d  .riscv.attributes	00000000 .riscv.attributes
00000000 l    df *ABS*	00000000 setup.o
00000084 l       .text	00000000 init_bss
00000104 l       .text	00000000 fill_block
0000009c l       .text	00000000 init_sbss
000000b4 l       .text	00000000 write_stack_pattern
000000cc l       .text	00000000 init_stack
000000d4 l       .text	00000000 write_test_pattern
000000ec l       .text	00000000 SystemInit
000000f0 l       .text	00000000 SystemExit
00000100 l       .text	00000000 dead_loop
00000114 l       .text	00000000 fb_end
00000000 l    df *ABS*	00000000 main.c
00010000 g       _test	00000000 _test_start
00010100 g       _test	00000000 __sbss_start
00010900 g       _test	00000000 _gp
00010100 g       _test	00000000 _test_end
00000100 g       *ABS*	00000000 _TEST_SIZE
000001e4 g       .rodata	00000000 __rodata_end
00010100 g       .bss	00000000 __bss_end
000001d8 g       .rodata	00000000 mul2
000001dc g       .rodata	00000000 u_mul1
00010100 g       _test	00000000 __sbss_end
000001e0 g       .rodata	00000000 u_mul2
00000000 g       .text	00000000 _start
000001d4 g       .rodata	00000000 __rodata_start
00010100 g       .data	00000000 __data_end
000001d4 g       .rodata	00000000 mul1
00010100 g       .bss	00000000 __bss_start
00001000 g       *ABS*	00000000 _STACK_SIZE
0001fffc g       .stack	00000000 _sim_end
00000118 g     F .text	000000bc main
00010100 g       .stack	00000000 _stack_end
00011100 g       .stack	00000000 __stack
00020000 g       .stack	00000000 _end
00011100 g       .stack	00000000 _stack
00010100 g       .data	00000000 __data_start


Contents of section .text:
 0000 93000000 13010000 93010000 13020000  ................
 0010 93020000 13030000 93030000 13040000  ................
 0020 93040000 13050000 93050000 13060000  ................
 0030 93060000 13070000 93070000 13080000  ................
 0040 93080000 13090000 93090000 130a0000  ................
 0050 930a0000 130b0000 930b0000 130c0000  ................
 0060 930c0000 130d0000 930d0000 130e0000  ................
 0070 930e0000 130f0000 930f0000 97110100  ................
 0080 93814188 17050100 1305c507 97050100  ..A.............
 0090 93850507 13060000 ef00c006 17050100  ................
 00a0 13054506 97050100 93858505 13060000  ..E.............
 00b0 ef004005 17050100 1305c504 97150100  ..@.............
 00c0 93850504 13060000 ef00c003 17110100  ................
 00d0 13014103 17050100 1305c5f2 97050100  ..A.............
 00e0 93850502 13060000 ef00c001 ef00c002  ................
 00f0 97020200 9382c2f0 1303f0ff 23a06200  ............#.b.
 0100 6f000000 6378b500 2320c500 13054500  o...cx..# ....E.
 0110 6ff05fff 67800000 130101ff 23268100  o._.g.......#&..
 0120 13040101 032f401d 13080f00 135fff41  ...../@......_.A
 0130 93080f00 032f801d 13050f00 135fff41  ...../......._.A
 0140 93050f00 b38fa802 338f0503 338fef01  ........3...3...
 0150 b30fa802 b333a802 13830f00 b3057f00  .....3..........
 0160 93830500 b7050100 23a06500 23a27500  ........#.e.#.u.
 0170 8325c01d 13860500 93060000 8325001e  .%...........%..
 0180 13870500 93070000 3385e602 b385c702  ........3.......
 0190 b305b500 3305e602 b33ee602 130e0500  ....3....>......
 01a0 b387d501 938e0700 b7070100 93868700  ................
 01b0 13070e00 93870e00 23a0e600 23a2f600  ........#...#...
 01c0 93070000 13850700 0324c100 13010101  .........$......
 01d0 67800000                             g...            
Contents of section .rodata:
 01d4 4d3c2b1a 32547698 4d3c2b1a 32547698  M<+.2Tv.M<+.2Tv.
Contents of section .comment:
 0000 4743433a 2028474e 55292031 312e312e  GCC: (GNU) 11.1.
 0010 3000                                 0.              
Contents of section .riscv.attributes:
 0000 41200000 00726973 63760001 16000000  A ...riscv......
 0010 04100572 76333269 3270305f 6d327030  ...rv32i2p0_m2p0
 0020 00                                   .               

Disassembly of section .text:

00000000 <_start>:
   0:	00000093          	li	ra,0
   4:	00000113          	li	sp,0
   8:	00000193          	li	gp,0
   c:	00000213          	li	tp,0
  10:	00000293          	li	t0,0
  14:	00000313          	li	t1,0
  18:	00000393          	li	t2,0
  1c:	00000413          	li	s0,0
  20:	00000493          	li	s1,0
  24:	00000513          	li	a0,0
  28:	00000593          	li	a1,0
  2c:	00000613          	li	a2,0
  30:	00000693          	li	a3,0
  34:	00000713          	li	a4,0
  38:	00000793          	li	a5,0
  3c:	00000813          	li	a6,0
  40:	00000893          	li	a7,0
  44:	00000913          	li	s2,0
  48:	00000993          	li	s3,0
  4c:	00000a13          	li	s4,0
  50:	00000a93          	li	s5,0
  54:	00000b13          	li	s6,0
  58:	00000b93          	li	s7,0
  5c:	00000c13          	li	s8,0
  60:	00000c93          	li	s9,0
  64:	00000d13          	li	s10,0
  68:	00000d93          	li	s11,0
  6c:	00000e13          	li	t3,0
  70:	00000e93          	li	t4,0
  74:	00000f13          	li	t5,0
  78:	00000f93          	li	t6,0
  7c:	00011197          	auipc	gp,0x11
  80:	88418193          	addi	gp,gp,-1916 # 10900 <_gp>

00000084 <init_bss>:
  84:	00010517          	auipc	a0,0x10
  88:	07c50513          	addi	a0,a0,124 # 10100 <__bss_end>
  8c:	00010597          	auipc	a1,0x10
  90:	07058593          	addi	a1,a1,112 # 100fc <_test_start+0xfc>
  94:	00000613          	li	a2,0
  98:	06c000ef          	jal	ra,104 <fill_block>

0000009c <init_sbss>:
  9c:	00010517          	auipc	a0,0x10
  a0:	06450513          	addi	a0,a0,100 # 10100 <__bss_end>
  a4:	00010597          	auipc	a1,0x10
  a8:	05858593          	addi	a1,a1,88 # 100fc <_test_start+0xfc>
  ac:	00000613          	li	a2,0
  b0:	054000ef          	jal	ra,104 <fill_block>

000000b4 <write_stack_pattern>:
  b4:	00010517          	auipc	a0,0x10
  b8:	04c50513          	addi	a0,a0,76 # 10100 <__bss_end>
  bc:	00011597          	auipc	a1,0x11
  c0:	04058593          	addi	a1,a1,64 # 110fc <_gp+0x7fc>
  c4:	00000613          	li	a2,0
  c8:	03c000ef          	jal	ra,104 <fill_block>

000000cc <init_stack>:
  cc:	00011117          	auipc	sp,0x11
  d0:	03410113          	addi	sp,sp,52 # 11100 <__stack>

000000d4 <write_test_pattern>:
  d4:	00010517          	auipc	a0,0x10
  d8:	f2c50513          	addi	a0,a0,-212 # 10000 <_test_start>
  dc:	00010597          	auipc	a1,0x10
  e0:	02058593          	addi	a1,a1,32 # 100fc <_test_start+0xfc>
  e4:	00000613          	li	a2,0
  e8:	01c000ef          	jal	ra,104 <fill_block>

000000ec <SystemInit>:
  ec:	02c000ef          	jal	ra,118 <main>

000000f0 <SystemExit>:
  f0:	00020297          	auipc	t0,0x20
  f4:	f0c28293          	addi	t0,t0,-244 # 1fffc <_sim_end>
  f8:	fff00313          	li	t1,-1
  fc:	0062a023          	sw	t1,0(t0)

00000100 <dead_loop>:
 100:	0000006f          	j	100 <dead_loop>

00000104 <fill_block>:
 104:	00b57863          	bgeu	a0,a1,114 <fb_end>
 108:	00c52023          	sw	a2,0(a0)
 10c:	00450513          	addi	a0,a0,4
 110:	ff5ff06f          	j	104 <fill_block>

00000114 <fb_end>:
 114:	00008067          	ret

00000118 <main>:
 118:	ff010113          	addi	sp,sp,-16
 11c:	00812623          	sw	s0,12(sp)
 120:	01010413          	addi	s0,sp,16
 124:	1d402f03          	lw	t5,468(zero) # 1d4 <__rodata_start>
 128:	000f0813          	mv	a6,t5
 12c:	41ff5f13          	srai	t5,t5,0x1f
 130:	000f0893          	mv	a7,t5
 134:	1d802f03          	lw	t5,472(zero) # 1d8 <mul2>
 138:	000f0513          	mv	a0,t5
 13c:	41ff5f13          	srai	t5,t5,0x1f
 140:	000f0593          	mv	a1,t5
 144:	02a88fb3          	mul	t6,a7,a0
 148:	03058f33          	mul	t5,a1,a6
 14c:	01ef8f33          	add	t5,t6,t5
 150:	02a80fb3          	mul	t6,a6,a0
 154:	02a833b3          	mulhu	t2,a6,a0
 158:	000f8313          	mv	t1,t6
 15c:	007f05b3          	add	a1,t5,t2
 160:	00058393          	mv	t2,a1
 164:	000105b7          	lui	a1,0x10
 168:	0065a023          	sw	t1,0(a1) # 10000 <_test_start>
 16c:	0075a223          	sw	t2,4(a1)
 170:	1dc02583          	lw	a1,476(zero) # 1dc <u_mul1>
 174:	00058613          	mv	a2,a1
 178:	00000693          	li	a3,0
 17c:	1e002583          	lw	a1,480(zero) # 1e0 <u_mul2>
 180:	00058713          	mv	a4,a1
 184:	00000793          	li	a5,0
 188:	02e68533          	mul	a0,a3,a4
 18c:	02c785b3          	mul	a1,a5,a2
 190:	00b505b3          	add	a1,a0,a1
 194:	02e60533          	mul	a0,a2,a4
 198:	02e63eb3          	mulhu	t4,a2,a4
 19c:	00050e13          	mv	t3,a0
 1a0:	01d587b3          	add	a5,a1,t4
 1a4:	00078e93          	mv	t4,a5
 1a8:	000107b7          	lui	a5,0x10
 1ac:	00878693          	addi	a3,a5,8 # 10008 <_test_start+0x8>
 1b0:	000e0713          	mv	a4,t3
 1b4:	000e8793          	mv	a5,t4
 1b8:	00e6a023          	sw	a4,0(a3)
 1bc:	00f6a223          	sw	a5,4(a3)
 1c0:	00000793          	li	a5,0
 1c4:	00078513          	mv	a0,a5
 1c8:	00c12403          	lw	s0,12(sp)
 1cc:	01010113          	addi	sp,sp,16
 1d0:	00008067          	ret
