Loading db file '/usr/cad/CBDK/CBDK018_UMC_Faraday_v1.0/orig_lib/fsa0m_a/2009Q2v2.0/GENERIC_CORE/FrontEnd/synopsys/fsa0m_a_generic_core_ss1p62v125c.db'
Loading db file '/home/WangYanTing/VLSI_2022_training/hw1/P76131416/sim/SRAM/SRAM_WC.db'
Information: Propagating switching activity (low effort zero delay simulation). (PWR-6)
Warning: Design has unannotated primary inputs. (PWR-414)
Warning: Design has unannotated sequential cell outputs. (PWR-415)
Warning: Design has unannotated black box outputs. (PWR-428)
 
****************************************
Report : power
        -analysis_effort low
Design : top
Version: T-2022.03
Date   : Tue Sep  3 13:57:31 2024
****************************************


Library(s) Used:

    SRAM_WC (File: /home/WangYanTing/VLSI_2022_training/hw1/P76131416/sim/SRAM/SRAM_WC.db)
    fsa0m_a_generic_core_ss1p62v125c (File: /usr/cad/CBDK/CBDK018_UMC_Faraday_v1.0/orig_lib/fsa0m_a/2009Q2v2.0/GENERIC_CORE/FrontEnd/synopsys/fsa0m_a_generic_core_ss1p62v125c.db)


Operating Conditions: WCCOM   Library: fsa0m_a_generic_core_ss1p62v125c
Wire Load Model Mode: enclosed

Design        Wire Load Model            Library
------------------------------------------------
top                    enG1000K          fsa0m_a_generic_core_ss1p62v125c
CPU                    enG30K            fsa0m_a_generic_core_ss1p62v125c
SRAM_wrapper_1         enG500K           fsa0m_a_generic_core_ss1p62v125c
Program_counter        enG5K             fsa0m_a_generic_core_ss1p62v125c
Adder_2                enG5K             fsa0m_a_generic_core_ss1p62v125c
Mux3to1_2              enG5K             fsa0m_a_generic_core_ss1p62v125c
IFID_reg               enG5K             fsa0m_a_generic_core_ss1p62v125c
HazardDetectUnit       enG5K             fsa0m_a_generic_core_ss1p62v125c
Regfile                enG30K            fsa0m_a_generic_core_ss1p62v125c
ImmGen                 enG5K             fsa0m_a_generic_core_ss1p62v125c
IDEXE_reg              enG5K             fsa0m_a_generic_core_ss1p62v125c
ControlUnit            enG5K             fsa0m_a_generic_core_ss1p62v125c
Adder_1                enG5K             fsa0m_a_generic_core_ss1p62v125c
Adder_0                enG5K             fsa0m_a_generic_core_ss1p62v125c
Mux2to1_3              enG5K             fsa0m_a_generic_core_ss1p62v125c
Mux3to1_1              enG5K             fsa0m_a_generic_core_ss1p62v125c
Mux3to1_0              enG5K             fsa0m_a_generic_core_ss1p62v125c
Mux2to1_2              enG5K             fsa0m_a_generic_core_ss1p62v125c
ALU                    enG5K             fsa0m_a_generic_core_ss1p62v125c
ALUCtrl                enG5K             fsa0m_a_generic_core_ss1p62v125c
ForwardingUnit         enG5K             fsa0m_a_generic_core_ss1p62v125c
BranchCtrl             enG5K             fsa0m_a_generic_core_ss1p62v125c
Mux2to1_1              enG5K             fsa0m_a_generic_core_ss1p62v125c
EXEMEM_reg             enG5K             fsa0m_a_generic_core_ss1p62v125c
Mux2to1_0              enG5K             fsa0m_a_generic_core_ss1p62v125c
MEMWB_reg              enG5K             fsa0m_a_generic_core_ss1p62v125c
Adder_2_DW01_add_0_DW01_add_3
                       enG5K             fsa0m_a_generic_core_ss1p62v125c
Adder_1_DW01_add_0_DW01_add_2
                       enG5K             fsa0m_a_generic_core_ss1p62v125c
Adder_0_DW01_add_0_DW01_add_1
                       enG5K             fsa0m_a_generic_core_ss1p62v125c
ALU_DW01_sub_0         enG5K             fsa0m_a_generic_core_ss1p62v125c
ALU_DW01_add_0         enG5K             fsa0m_a_generic_core_ss1p62v125c
ALU_DW01_cmp6_0        enG5K             fsa0m_a_generic_core_ss1p62v125c
ALU_DW01_cmp2_J2_0     enG5K             fsa0m_a_generic_core_ss1p62v125c
SRAM_wrapper_0         enG500K           fsa0m_a_generic_core_ss1p62v125c


Global Operating Voltage = 1.62 
Power-specific unit information :
    Voltage Units = 1V
    Capacitance Units = 1.000000pf
    Time Units = 1ns
    Dynamic Power Units = 1mW    (derived from V,C,T units)
    Leakage Power Units = 1pW


Attributes
----------
i - Including register clock pin internal power


  Cell Internal Power  =  86.3056 mW   (99%)
  Net Switching Power  = 708.9592 uW    (1%)
                         ---------
Total Dynamic Power    =  87.0146 mW  (100%)

Cell Leakage Power     =   1.2278 mW


                 Internal         Switching           Leakage            Total
Power Group      Power            Power               Power              Power   (   %    )  Attrs
--------------------------------------------------------------------------------------------------
io_pad             0.0000            0.0000            0.0000            0.0000  (   0.00%)
memory            81.9586        5.5164e-02        1.2171e+09           83.2309  (  94.32%)
black_box          0.0000            0.0000            0.0000            0.0000  (   0.00%)
clock_network      3.9562            0.0000        1.7255e+03        2.8774e-03  (   0.00%)  i
register           0.1352        8.7831e-02        4.6610e+06            4.1811  (   4.74%)
sequential         0.0000            0.0000            0.0000            0.0000  (   0.00%)
combinational      0.2556            0.5659        6.0429e+06            0.8275  (   0.94%)
--------------------------------------------------------------------------------------------------
Total             86.3056 mW         0.7089 mW     1.2278e+09 pW        88.2424 mW
1
