 
****************************************
Report : timing
        -path full
        -delay max
        -max_paths 1
Design : top
Version: T-2022.03
Date   : Wed Sep  4 14:49:12 2024
****************************************

Operating Conditions: WCCOM   Library: fsa0m_a_generic_core_ss1p62v125c
Wire Load Model Mode: enclosed

  Startpoint: cpu/EXEMEM_pipe/MEM_write_addr_reg_4_
              (rising edge-triggered flip-flop clocked by clk)
  Endpoint: cpu/PC/pc_out_reg_31_
            (rising edge-triggered flip-flop clocked by clk)
  Path Group: clk
  Path Type: max

  Des/Clust/Port     Wire Load Model       Library
  ------------------------------------------------
  top                enG1000K              fsa0m_a_generic_core_ss1p62v125c
  CPU                enG30K                fsa0m_a_generic_core_ss1p62v125c
  ForwardingUnit     enG5K                 fsa0m_a_generic_core_ss1p62v125c
  Mux3to1_0          enG5K                 fsa0m_a_generic_core_ss1p62v125c
  ALU_DW01_add_0     enG5K                 fsa0m_a_generic_core_ss1p62v125c
  ALU                enG5K                 fsa0m_a_generic_core_ss1p62v125c
  Program_counter    enG5K                 fsa0m_a_generic_core_ss1p62v125c

  Point                                                   Incr       Path
  --------------------------------------------------------------------------
  clock clk (rise edge)                                   0.00       0.00
  clock network delay (ideal)                             1.00       1.00
  cpu/EXEMEM_pipe/MEM_write_addr_reg_4_/CK (QDFFRBP)      0.00       1.00 r
  cpu/EXEMEM_pipe/MEM_write_addr_reg_4_/Q (QDFFRBP)       0.44       1.44 f
  cpu/EXEMEM_pipe/MEM_write_addr[4] (EXEMEM_reg)          0.00       1.44 f
  cpu/Forwarding/MEM_write_addr[4] (ForwardingUnit)       0.00       1.44 f
  cpu/Forwarding/U22/O (XOR2H)                            0.18       1.62 f
  cpu/Forwarding/U33/O (NR3HT)                            0.16       1.79 r
  cpu/Forwarding/U29/O (ND3P)                             0.09       1.88 f
  cpu/Forwarding/U37/O (AN4B1)                            0.22       2.09 f
  cpu/Forwarding/U28/O (AN4B1)                            0.31       2.40 f
  cpu/Forwarding/forwarding_r2_sel[1] (ForwardingUnit)
                                                          0.00       2.40 f
  cpu/rs2_mux3/sel[1] (Mux3to1_0)                         0.00       2.40 f
  cpu/rs2_mux3/U8/O (INV2)                                0.15       2.56 r
  cpu/rs2_mux3/U4/O (XNR2H)                               0.19       2.75 r
  cpu/rs2_mux3/U2/O (INV4)                                0.10       2.85 f
  cpu/rs2_mux3/U23/O (ND2P)                               0.14       2.99 r
  cpu/rs2_mux3/U24/O (ND3HT)                              0.14       3.13 f
  cpu/rs2_mux3/D[1] (Mux3to1_0)                           0.00       3.13 f
  cpu/imm_mux2/A[1] (Mux2to1_2)                           0.00       3.13 f
  cpu/imm_mux2/U39/O (MUX2T)                              0.39       3.52 f
  cpu/imm_mux2/C[1] (Mux2to1_2)                           0.00       3.52 f
  cpu/alu/in2[1] (ALU)                                    0.00       3.52 f
  cpu/alu/add_13/B[1] (ALU_DW01_add_0)                    0.00       3.52 f
  cpu/alu/add_13/U1_1/CO (FA1)                            0.41       3.93 f
  cpu/alu/add_13/U1_2/CO (FA1)                            0.36       4.28 f
  cpu/alu/add_13/U1_3/CO (FA1)                            0.39       4.68 f
  cpu/alu/add_13/U67/O (ND2)                              0.17       4.85 r
  cpu/alu/add_13/U62/O (ND3HT)                            0.16       5.01 f
  cpu/alu/add_13/U55/O (ND2P)                             0.13       5.14 r
  cpu/alu/add_13/U58/O (ND3HT)                            0.14       5.28 f
  cpu/alu/add_13/U63/O (ND2P)                             0.13       5.40 r
  cpu/alu/add_13/U54/O (ND3HT)                            0.14       5.54 f
  cpu/alu/add_13/U13/O (ND2P)                             0.13       5.67 r
  cpu/alu/add_13/U30/O (ND3HT)                            0.16       5.83 f
  cpu/alu/add_13/U48/O (ND2P)                             0.13       5.96 r
  cpu/alu/add_13/U47/O (ND3HT)                            0.15       6.10 f
  cpu/alu/add_13/U11/O (ND2P)                             0.12       6.22 r
  cpu/alu/add_13/U71/O (ND3P)                             0.10       6.32 f
  cpu/alu/add_13/U1_10/CO (FA1)                           0.36       6.68 f
  cpu/alu/add_13/U1_11/CO (FA1)                           0.36       7.04 f
  cpu/alu/add_13/U1_12/CO (FA1)                           0.36       7.39 f
  cpu/alu/add_13/U1_13/CO (FA1)                           0.40       7.79 f
  cpu/alu/add_13/U1_14/CO (FA1)                           0.37       8.16 f
  cpu/alu/add_13/U34/O (ND2P)                             0.11       8.27 r
  cpu/alu/add_13/U76/O (ND3P)                             0.11       8.39 f
  cpu/alu/add_13/U1_16/CO (FA1)                           0.36       8.74 f
  cpu/alu/add_13/U1_17/CO (FA1)                           0.36       9.10 f
  cpu/alu/add_13/U1_18/CO (FA1)                           0.43       9.53 f
  cpu/alu/add_13/U35/O (ND2P)                             0.13       9.67 r
  cpu/alu/add_13/U23/O (ND3HT)                            0.17       9.84 f
  cpu/alu/add_13/U24/O (ND2P)                             0.13       9.97 r
  cpu/alu/add_13/U32/O (ND3HT)                            0.15      10.11 f
  cpu/alu/add_13/U33/O (ND2P)                             0.13      10.24 r
  cpu/alu/add_13/U50/O (ND3HT)                            0.15      10.39 f
  cpu/alu/add_13/U64/O (ND2P)                             0.12      10.51 r
  cpu/alu/add_13/U73/O (ND3P)                             0.10      10.61 f
  cpu/alu/add_13/U1_23/CO (FA1)                           0.40      11.00 f
  cpu/alu/add_13/U3/O (ND2)                               0.15      11.16 r
  cpu/alu/add_13/U5/O (ND3P)                              0.14      11.30 f
  cpu/alu/add_13/U81/O (ND2)                              0.18      11.48 r
  cpu/alu/add_13/U83/O (ND3HT)                            0.15      11.63 f
  cpu/alu/add_13/U37/O (ND2P)                             0.12      11.75 r
  cpu/alu/add_13/U87/O (ND3P)                             0.11      11.86 f
  cpu/alu/add_13/U1_27/CO (FA1)                           0.36      12.22 f
  cpu/alu/add_13/U1_28/CO (FA1)                           0.40      12.62 f
  cpu/alu/add_13/U44/O (ND2)                              0.17      12.79 r
  cpu/alu/add_13/U27/O (ND3HT)                            0.14      12.93 f
  cpu/alu/add_13/U51/O (ND2)                              0.15      13.08 r
  cpu/alu/add_13/U53/O (ND3P)                             0.11      13.19 f
  cpu/alu/add_13/U40/O (ND2)                              0.14      13.33 r
  cpu/alu/add_13/U60/O (ND2P)                             0.07      13.40 f
  cpu/alu/add_13/SUM[31] (ALU_DW01_add_0)                 0.00      13.40 f
  cpu/alu/U48/O (AOI22H)                                  0.16      13.57 r
  cpu/alu/U444/O (ND2P)                                   0.06      13.63 f
  cpu/alu/U644/O (OR3B2)                                  0.21      13.84 f
  cpu/alu/U15/O (MUX2)                                    0.34      14.18 f
  cpu/alu/out[31] (ALU)                                   0.00      14.18 f
  cpu/IF_pc_mux3/C[31] (Mux3to1_2)                        0.00      14.18 f
  cpu/IF_pc_mux3/U8/O (AO222)                             0.33      14.51 f
  cpu/IF_pc_mux3/D[31] (Mux3to1_2)                        0.00      14.51 f
  cpu/PC/pc_in[31] (Program_counter)                      0.00      14.51 f
  cpu/PC/U6/O (MUX2)                                      0.28      14.79 f
  cpu/PC/pc_out_reg_31_/D (QDFFRBN)                       0.00      14.79 f
  data arrival time                                                 14.79

  clock clk (rise edge)                                  14.00      14.00
  clock network delay (ideal)                             1.00      15.00
  clock uncertainty                                      -0.10      14.90
  cpu/PC/pc_out_reg_31_/CK (QDFFRBN)                      0.00      14.90 r
  library setup time                                     -0.11      14.79
  data required time                                                14.79
  --------------------------------------------------------------------------
  data required time                                                14.79
  data arrival time                                                -14.79
  --------------------------------------------------------------------------
  slack (MET)                                                        0.00


1
