irun(64): 15.20-s084: (c) Copyright 1995-2020 Cadence Design Systems, Inc.
TOOL:	irun(64)	15.20-s084: Started on Oct 27, 2024 at 22:04:08 CST
irun
	/home/WangYanTing/VLSI/hw1_act/P76131416/./sim/top_tb.sv
	+incdir+/home/WangYanTing/VLSI/hw1_act/P76131416/./src+/home/WangYanTing/VLSI/hw1_act/P76131416/./src/AXI+/home/WangYanTing/VLSI/hw1_act/P76131416/./include+/home/WangYanTing/VLSI/hw1_act/P76131416/./sim
	+define+prog1+FSDB_ALL
	-define CYCLE=1.4
	-define MAX=100000
	+access+r
	+nc64bit
	+prog_path=/home/WangYanTing/VLSI/hw1_act/P76131416/./sim/prog1
	+rdcycle=1
	+notimingcheck

   User defined plus("+") options:
	+prog_path=/home/WangYanTing/VLSI/hw1_act/P76131416/./sim/prog1
	+rdcycle=1

Loading snapshot worklib.top_tb:sv .................... Done
ncsim: *W,DSEM2009: This SystemVerilog design is simulated as per IEEE 1800-2009 SystemVerilog simulation semantics. Use -disable_sem2009 option for turning off SV 2009 simulation semantics.
*Verdi* Loading libsscore_ius152.so
ncsim> source /usr/cad/cadence/INCISIV/cur/tools/inca/files/ncsimrc
ncsim> run
FSDB Dumper for IUS, Release Verdi_Q-2020.03, Linux x86_64/64bit, 02/09/2020
(C) 1996 - 2020 by Synopsys, Inc.
*Verdi* FSDB WARNING: The FSDB file already exists. Overwriting the FSDB file may crash the programs that are using this file.
*Verdi* : Create FSDB file 'top.fsdb'
*Verdi* : Begin traversing the scope (top_tb.TOP), layer (0).
*Verdi* : Enable +struct and +mda dumping.
*Verdi* : End of traversing.

Done

DM[8192] = 8649ecbe, pass
DM[8193] = 891356b5, pass
DM[8194] = 9ef8965a, pass
DM[8195] = a5adad14, pass
DM[8196] = ac1c9aa9, pass
DM[8197] = b1327c91, pass
DM[8198] = c2c287dc, pass
DM[8199] = c5707a3d, pass
DM[8200] = d6186134, pass
DM[8201] = db2764d5, pass
DM[8202] = e611dbc0, pass
DM[8203] = e912d024, pass
DM[8204] = e93d369e, pass
DM[8205] = f06cb80b, pass
DM[8206] = f1929166, pass
DM[8207] = fe884149, pass
DM[8208] = 02cd65b5, pass
DM[8209] = 16c5d5af, pass
DM[8210] = 1e0bf7e8, pass
DM[8211] = 3ac18e4f, pass
DM[8212] = 3dfce9a2, pass
DM[8213] = 423b1f26, pass
DM[8214] = 42e38aa1, pass
DM[8215] = 43eb84d8, pass
DM[8216] = 4b57f8af, pass
DM[8217] = 4c9f24fa, pass
DM[8218] = 5d50f3a8, pass
DM[8219] = 608dc931, pass
DM[8220] = 66290483, pass
DM[8221] = 73902c5d, pass
DM[8222] = 7a27c66f, pass
DM[8223] = 7b1ed6e1, pass
your total cycle is 0.000000 
your total cycle is 0.000000 




        ****************************               
        **                        **       |__||  
        **  Congratulations !!    **      / O.O  | 
        **                        **    /_____   | 
        **  Simulation PASS!!     **   /^ ^ ^ \  |
        **                        **  |^ ^ ^ ^ |w| 
        ****************************   \m___m__|_|


Simulation complete via $finish(1) at time 44857400 PS + 2
../sim/top_tb.sv:94     $finish;
ncsim> exit
TOOL:	irun(64)	15.20-s084: Exiting on Oct 27, 2024 at 22:04:13 CST  (total: 00:00:05)
